[2019-10-21 16:01:30] local.ERROR: Invalid route action: [App\Http\Controllers\test]. {"exception":"[object] (UnexpectedValueException(code: 0): Invalid route action: [App\\Http\\Controllers\\test]. at F:\\Web Development\\laravel\\hisab kitab\\hisab_kitab\\vendor\\laravel\\framework\\src\\Illuminate\\Routing\\RouteAction.php:89)
[stacktrace]
#0 F:\\Web Development\\laravel\\hisab kitab\\hisab_kitab\\vendor\\laravel\\framework\\src\\Illuminate\\Routing\\RouteAction.php(46): Illuminate\\Routing\\RouteAction::makeInvokable('App\\\\Http\\\\Contro...')
#1 F:\\Web Development\\laravel\\hisab kitab\\hisab_kitab\\vendor\\laravel\\framework\\src\\Illuminate\\Routing\\Route.php(162): Illuminate\\Routing\\RouteAction::parse('api/test', Array)
#2 F:\\Web Development\\laravel\\hisab kitab\\hisab_kitab\\vendor\\laravel\\framework\\src\\Illuminate\\Routing\\Route.php(141): Illuminate\\Routing\\Route->parseAction(Array)
#3 F:\\Web Development\\laravel\\hisab kitab\\hisab_kitab\\vendor\\laravel\\framework\\src\\Illuminate\\Routing\\Router.php(547): Illuminate\\Routing\\Route->__construct(Array, 'api/test', Array)
#4 F:\\Web Development\\laravel\\hisab kitab\\hisab_kitab\\vendor\\laravel\\framework\\src\\Illuminate\\Routing\\Router.php(466): Illuminate\\Routing\\Router->newRoute(Array, 'api/test', Array)
#5 F:\\Web Development\\laravel\\hisab kitab\\hisab_kitab\\vendor\\laravel\\framework\\src\\Illuminate\\Routing\\Router.php(445): Illuminate\\Routing\\Router->createRoute(Array, '/test', Array)
#6 F:\\Web Development\\laravel\\hisab kitab\\hisab_kitab\\vendor\\laravel\\framework\\src\\Illuminate\\Routing\\Router.php(144): Illuminate\\Routing\\Router->addRoute(Array, '/test', 'test')
#7 F:\\Web Development\\laravel\\hisab kitab\\hisab_kitab\\vendor\\laravel\\framework\\src\\Illuminate\\Support\\Facades\\Facade.php(239): Illuminate\\Routing\\Router->get('/test', 'test')
#8 F:\\Web Development\\laravel\\hisab kitab\\hisab_kitab\outes\\api.php(30): Illuminate\\Support\\Facades\\Facade::__callStatic('get', Array)
#9 F:\\Web Development\\laravel\\hisab kitab\\hisab_kitab\\vendor\\laravel\\framework\\src\\Illuminate\\Routing\\RouteFileRegistrar.php(35): require('F:\\\\Web Developm...')
#10 F:\\Web Development\\laravel\\hisab kitab\\hisab_kitab\\vendor\\laravel\\framework\\src\\Illuminate\\Routing\\Router.php(415): Illuminate\\Routing\\RouteFileRegistrar->register('F:\\\\Web Developm...')
#11 F:\\Web Development\\laravel\\hisab kitab\\hisab_kitab\\vendor\\laravel\\framework\\src\\Illuminate\\Routing\\Router.php(373): Illuminate\\Routing\\Router->loadRoutes('F:\\\\Web Developm...')
#12 F:\\Web Development\\laravel\\hisab kitab\\hisab_kitab\\vendor\\laravel\\framework\\src\\Illuminate\\Routing\\RouteRegistrar.php(121): Illuminate\\Routing\\Router->group(Array, 'F:\\\\Web Developm...')
#13 F:\\Web Development\\laravel\\hisab kitab\\hisab_kitab\\app\\Providers\\RouteServiceProvider.php(71): Illuminate\\Routing\\RouteRegistrar->group('F:\\\\Web Developm...')
#14 F:\\Web Development\\laravel\\hisab kitab\\hisab_kitab\\app\\Providers\\RouteServiceProvider.php(38): App\\Providers\\RouteServiceProvider->mapApiRoutes()
#15 [internal function]: App\\Providers\\RouteServiceProvider->map()
#16 F:\\Web Development\\laravel\\hisab kitab\\hisab_kitab\\vendor\\laravel\\framework\\src\\Illuminate\\Container\\BoundMethod.php(32): call_user_func_array(Array, Array)
#17 F:\\Web Development\\laravel\\hisab kitab\\hisab_kitab\\vendor\\laravel\\framework\\src\\Illuminate\\Support\\helpers.php(522): Illuminate\\Container\\BoundMethod::Illuminate\\Container\\{closure}()
#18 F:\\Web Development\\laravel\\hisab kitab\\hisab_kitab\\vendor\\laravel\\framework\\src\\Illuminate\\Container\\BoundMethod.php(90): value(Object(Closure))
#19 F:\\Web Development\\laravel\\hisab kitab\\hisab_kitab\\vendor\\laravel\\framework\\src\\Illuminate\\Container\\BoundMethod.php(34): Illuminate\\Container\\BoundMethod::callBoundMethod(Object(Illuminate\\Foundation\\Application), Array, Object(Closure))
#20 F:\\Web Development\\laravel\\hisab kitab\\hisab_kitab\\vendor\\laravel\\framework\\src\\Illuminate\\Container\\Container.php(591): Illuminate\\Container\\BoundMethod::call(Object(Illuminate\\Foundation\\Application), Array, Array, NULL)
#21 F:\\Web Development\\laravel\\hisab kitab\\hisab_kitab\\vendor\\laravel\\framework\\src\\Illuminate\\Foundation\\Support\\Providers\\RouteServiceProvider.php(87): Illuminate\\Container\\Container->call(Array)
#22 F:\\Web Development\\laravel\\hisab kitab\\hisab_kitab\\vendor\\laravel\\framework\\src\\Illuminate\\Foundation\\Support\\Providers\\RouteServiceProvider.php(36): Illuminate\\Foundation\\Support\\Providers\\RouteServiceProvider->loadRoutes()
#23 F:\\Web Development\\laravel\\hisab kitab\\hisab_kitab\\app\\Providers\\RouteServiceProvider.php(28): Illuminate\\Foundation\\Support\\Providers\\RouteServiceProvider->boot()
#24 [internal function]: App\\Providers\\RouteServiceProvider->boot()
#25 F:\\Web Development\\laravel\\hisab kitab\\hisab_kitab\\vendor\\laravel\\framework\\src\\Illuminate\\Container\\BoundMethod.php(32): call_user_func_array(Array, Array)
#26 F:\\Web Development\\laravel\\hisab kitab\\hisab_kitab\\vendor\\laravel\\framework\\src\\Illuminate\\Support\\helpers.php(522): Illuminate\\Container\\BoundMethod::Illuminate\\Container\\{closure}()
#27 F:\\Web Development\\laravel\\hisab kitab\\hisab_kitab\\vendor\\laravel\\framework\\src\\Illuminate\\Container\\BoundMethod.php(90): value(Object(Closure))
#28 F:\\Web Development\\laravel\\hisab kitab\\hisab_kitab\\vendor\\laravel\\framework\\src\\Illuminate\\Container\\BoundMethod.php(34): Illuminate\\Container\\BoundMethod::callBoundMethod(Object(Illuminate\\Foundation\\Application), Array, Object(Closure))
#29 F:\\Web Development\\laravel\\hisab kitab\\hisab_kitab\\vendor\\laravel\\framework\\src\\Illuminate\\Container\\Container.php(591): Illuminate\\Container\\BoundMethod::call(Object(Illuminate\\Foundation\\Application), Array, Array, NULL)
#30 F:\\Web Development\\laravel\\hisab kitab\\hisab_kitab\\vendor\\laravel\\framework\\src\\Illuminate\\Foundation\\Application.php(828): Illuminate\\Container\\Container->call(Array)
#31 F:\\Web Development\\laravel\\hisab kitab\\hisab_kitab\\vendor\\laravel\\framework\\src\\Illuminate\\Foundation\\Application.php(811): Illuminate\\Foundation\\Application->bootProvider(Object(App\\Providers\\RouteServiceProvider))
#32 [internal function]: Illuminate\\Foundation\\Application->Illuminate\\Foundation\\{closure}(Object(App\\Providers\\RouteServiceProvider), 24)
#33 F:\\Web Development\\laravel\\hisab kitab\\hisab_kitab\\vendor\\laravel\\framework\\src\\Illuminate\\Foundation\\Application.php(812): array_walk(Array, Object(Closure))
#34 F:\\Web Development\\laravel\\hisab kitab\\hisab_kitab\\vendor\\laravel\\framework\\src\\Illuminate\\Foundation\\Bootstrap\\BootProviders.php(17): Illuminate\\Foundation\\Application->boot()
#35 F:\\Web Development\\laravel\\hisab kitab\\hisab_kitab\\vendor\\laravel\\framework\\src\\Illuminate\\Foundation\\Application.php(211): Illuminate\\Foundation\\Bootstrap\\BootProviders->bootstrap(Object(Illuminate\\Foundation\\Application))
#36 F:\\Web Development\\laravel\\hisab kitab\\hisab_kitab\\vendor\\laravel\\framework\\src\\Illuminate\\Foundation\\Http\\Kernel.php(162): Illuminate\\Foundation\\Application->bootstrapWith(Array)
#37 F:\\Web Development\\laravel\\hisab kitab\\hisab_kitab\\vendor\\laravel\\framework\\src\\Illuminate\\Foundation\\Http\\Kernel.php(146): Illuminate\\Foundation\\Http\\Kernel->bootstrap()
#38 F:\\Web Development\\laravel\\hisab kitab\\hisab_kitab\\vendor\\laravel\\framework\\src\\Illuminate\\Foundation\\Http\\Kernel.php(116): Illuminate\\Foundation\\Http\\Kernel->sendRequestThroughRouter(Object(Illuminate\\Http\\Request))
#39 F:\\Web Development\\laravel\\hisab kitab\\hisab_kitab\\public\\index.php(55): Illuminate\\Foundation\\Http\\Kernel->handle(Object(Illuminate\\Http\\Request))
#40 F:\\Web Development\\laravel\\hisab kitab\\hisab_kitab\\server.php(21): require_once('F:\\\\Web Developm...')
#41 {main}
"} 
[2019-10-21 16:07:56] local.ERROR: Command "passport" is not defined.

Did you mean one of these?
    passport:client
    passport:install
    passport:keys {"exception":"[object] (Symfony\\Component\\Console\\Exception\\CommandNotFoundException(code: 0): Command \"passport\" is not defined.

Did you mean one of these?
    passport:client
    passport:install
    passport:keys at F:\\Web Development\\laravel\\hisab kitab\\hisab_kitab\\vendor\\symfony\\console\\Application.php:660)
[stacktrace]
#0 F:\\Web Development\\laravel\\hisab kitab\\hisab_kitab\\vendor\\symfony\\console\\Application.php(237): Symfony\\Component\\Console\\Application->find('passport')
#1 F:\\Web Development\\laravel\\hisab kitab\\hisab_kitab\\vendor\\symfony\\console\\Application.php(149): Symfony\\Component\\Console\\Application->doRun(Object(Symfony\\Component\\Console\\Input\\ArgvInput), Object(Symfony\\Component\\Console\\Output\\ConsoleOutput))
#2 F:\\Web Development\\laravel\\hisab kitab\\hisab_kitab\\vendor\\laravel\\framework\\src\\Illuminate\\Console\\Application.php(90): Symfony\\Component\\Console\\Application->run(Object(Symfony\\Component\\Console\\Input\\ArgvInput), Object(Symfony\\Component\\Console\\Output\\ConsoleOutput))
#3 F:\\Web Development\\laravel\\hisab kitab\\hisab_kitab\\vendor\\laravel\\framework\\src\\Illuminate\\Foundation\\Console\\Kernel.php(131): Illuminate\\Console\\Application->run(Object(Symfony\\Component\\Console\\Input\\ArgvInput), Object(Symfony\\Component\\Console\\Output\\ConsoleOutput))
#4 F:\\Web Development\\laravel\\hisab kitab\\hisab_kitab\\artisan(37): Illuminate\\Foundation\\Console\\Kernel->handle(Object(Symfony\\Component\\Console\\Input\\ArgvInput), Object(Symfony\\Component\\Console\\Output\\ConsoleOutput))
#5 {main}
"} 
[2019-10-21 16:08:09] local.ERROR: SQLSTATE[HY000] [2002] No connection could be made because the target machine actively refused it.
 (SQL: insert into `oauth_clients` (`user_id`, `name`, `secret`, `redirect`, `personal_access_client`, `password_client`, `revoked`, `updated_at`, `created_at`) values (?, Laravel Personal Access Client, N3SgDLFJoMPPgxYObWaKqpmNqAeoK0iYyP5omYDD, http://localhost, 1, 0, 0, 2019-10-21 16:08:06, 2019-10-21 16:08:06)) {"exception":"[object] (Illuminate\\Database\\QueryException(code: 2002): SQLSTATE[HY000] [2002] No connection could be made because the target machine actively refused it.
 (SQL: insert into `oauth_clients` (`user_id`, `name`, `secret`, `redirect`, `personal_access_client`, `password_client`, `revoked`, `updated_at`, `created_at`) values (?, Laravel Personal Access Client, N3SgDLFJoMPPgxYObWaKqpmNqAeoK0iYyP5omYDD, http://localhost, 1, 0, 0, 2019-10-21 16:08:06, 2019-10-21 16:08:06)) at F:\\Web Development\\laravel\\hisab kitab\\hisab_kitab\\vendor\\laravel\\framework\\src\\Illuminate\\Database\\Connection.php:665)
[stacktrace]
#0 F:\\Web Development\\laravel\\hisab kitab\\hisab_kitab\\vendor\\laravel\\framework\\src\\Illuminate\\Database\\Connection.php(625): Illuminate\\Database\\Connection->runQueryCallback('insert into `oa...', Array, Object(Closure))
#1 F:\\Web Development\\laravel\\hisab kitab\\hisab_kitab\\vendor\\laravel\\framework\\src\\Illuminate\\Database\\Connection.php(460): Illuminate\\Database\\Connection->run('insert into `oa...', Array, Object(Closure))
#2 F:\\Web Development\\laravel\\hisab kitab\\hisab_kitab\\vendor\\laravel\\framework\\src\\Illuminate\\Database\\Connection.php(412): Illuminate\\Database\\Connection->statement('insert into `oa...', Array)
#3 F:\\Web Development\\laravel\\hisab kitab\\hisab_kitab\\vendor\\laravel\\framework\\src\\Illuminate\\Database\\Query\\Processors\\Processor.php(32): Illuminate\\Database\\Connection->insert('insert into `oa...', Array)
#4 F:\\Web Development\\laravel\\hisab kitab\\hisab_kitab\\vendor\\laravel\\framework\\src\\Illuminate\\Database\\Query\\Builder.php(2658): Illuminate\\Database\\Query\\Processors\\Processor->processInsertGetId(Object(Illuminate\\Database\\Query\\Builder), 'insert into `oa...', Array, 'id')
#5 F:\\Web Development\\laravel\\hisab kitab\\hisab_kitab\\vendor\\laravel\\framework\\src\\Illuminate\\Database\\Eloquent\\Builder.php(1350): Illuminate\\Database\\Query\\Builder->insertGetId(Array, 'id')
#6 F:\\Web Development\\laravel\\hisab kitab\\hisab_kitab\\vendor\\laravel\\framework\\src\\Illuminate\\Database\\Eloquent\\Model.php(839): Illuminate\\Database\\Eloquent\\Builder->__call('insertGetId', Array)
#7 F:\\Web Development\\laravel\\hisab kitab\\hisab_kitab\\vendor\\laravel\\framework\\src\\Illuminate\\Database\\Eloquent\\Model.php(804): Illuminate\\Database\\Eloquent\\Model->insertAndSetId(Object(Illuminate\\Database\\Eloquent\\Builder), Array)
#8 F:\\Web Development\\laravel\\hisab kitab\\hisab_kitab\\vendor\\laravel\\framework\\src\\Illuminate\\Database\\Eloquent\\Model.php(667): Illuminate\\Database\\Eloquent\\Model->performInsert(Object(Illuminate\\Database\\Eloquent\\Builder))
#9 F:\\Web Development\\laravel\\hisab kitab\\hisab_kitab\\vendor\\laravel\\passport\\src\\ClientRepository.php(123): Illuminate\\Database\\Eloquent\\Model->save()
#10 F:\\Web Development\\laravel\\hisab kitab\\hisab_kitab\\vendor\\laravel\\passport\\src\\ClientRepository.php(138): Laravel\\Passport\\ClientRepository->create(NULL, 'Laravel Persona...', 'http://localhos...', true)
#11 F:\\Web Development\\laravel\\hisab kitab\\hisab_kitab\\vendor\\laravel\\passport\\src\\Console\\ClientCommand.php(64): Laravel\\Passport\\ClientRepository->createPersonalAccessClient(NULL, 'Laravel Persona...', 'http://localhos...')
#12 F:\\Web Development\\laravel\\hisab kitab\\hisab_kitab\\vendor\\laravel\\passport\\src\\Console\\ClientCommand.php(40): Laravel\\Passport\\Console\\ClientCommand->createPersonalClient(Object(Laravel\\Passport\\ClientRepository))
#13 [internal function]: Laravel\\Passport\\Console\\ClientCommand->handle(Object(Laravel\\Passport\\ClientRepository))
#14 F:\\Web Development\\laravel\\hisab kitab\\hisab_kitab\\vendor\\laravel\\framework\\src\\Illuminate\\Container\\BoundMethod.php(32): call_user_func_array(Array, Array)
#15 F:\\Web Development\\laravel\\hisab kitab\\hisab_kitab\\vendor\\laravel\\framework\\src\\Illuminate\\Support\\helpers.php(522): Illuminate\\Container\\BoundMethod::Illuminate\\Container\\{closure}()
#16 F:\\Web Development\\laravel\\hisab kitab\\hisab_kitab\\vendor\\laravel\\framework\\src\\Illuminate\\Container\\BoundMethod.php(90): value(Object(Closure))
#17 F:\\Web Development\\laravel\\hisab kitab\\hisab_kitab\\vendor\\laravel\\framework\\src\\Illuminate\\Container\\BoundMethod.php(34): Illuminate\\Container\\BoundMethod::callBoundMethod(Object(Illuminate\\Foundation\\Application), Array, Object(Closure))
#18 F:\\Web Development\\laravel\\hisab kitab\\hisab_kitab\\vendor\\laravel\\framework\\src\\Illuminate\\Container\\Container.php(591): Illuminate\\Container\\BoundMethod::call(Object(Illuminate\\Foundation\\Application), Array, Array, NULL)
#19 F:\\Web Development\\laravel\\hisab kitab\\hisab_kitab\\vendor\\laravel\\framework\\src\\Illuminate\\Console\\Command.php(202): Illuminate\\Container\\Container->call(Array)
#20 F:\\Web Development\\laravel\\hisab kitab\\hisab_kitab\\vendor\\symfony\\console\\Command\\Command.php(255): Illuminate\\Console\\Command->execute(Object(Symfony\\Component\\Console\\Input\\ArrayInput), Object(Illuminate\\Console\\OutputStyle))
#21 F:\\Web Development\\laravel\\hisab kitab\\hisab_kitab\\vendor\\laravel\\framework\\src\\Illuminate\\Console\\Command.php(189): Symfony\\Component\\Console\\Command\\Command->run(Object(Symfony\\Component\\Console\\Input\\ArrayInput), Object(Illuminate\\Console\\OutputStyle))
#22 F:\\Web Development\\laravel\\hisab kitab\\hisab_kitab\\vendor\\laravel\\framework\\src\\Illuminate\\Console\\Command.php(242): Illuminate\\Console\\Command->run(Object(Symfony\\Component\\Console\\Input\\ArrayInput), Object(Illuminate\\Console\\OutputStyle))
#23 F:\\Web Development\\laravel\\hisab kitab\\hisab_kitab\\vendor\\laravel\\framework\\src\\Illuminate\\Console\\Command.php(214): Illuminate\\Console\\Command->runCommand('passport:client', Array, Object(Illuminate\\Console\\OutputStyle))
#24 F:\\Web Development\\laravel\\hisab kitab\\hisab_kitab\\vendor\\laravel\\passport\\src\\Console\\InstallCommand.php(33): Illuminate\\Console\\Command->call('passport:client', Array)
#25 [internal function]: Laravel\\Passport\\Console\\InstallCommand->handle()
#26 F:\\Web Development\\laravel\\hisab kitab\\hisab_kitab\\vendor\\laravel\\framework\\src\\Illuminate\\Container\\BoundMethod.php(32): call_user_func_array(Array, Array)
#27 F:\\Web Development\\laravel\\hisab kitab\\hisab_kitab\\vendor\\laravel\\framework\\src\\Illuminate\\Support\\helpers.php(522): Illuminate\\Container\\BoundMethod::Illuminate\\Container\\{closure}()
#28 F:\\Web Development\\laravel\\hisab kitab\\hisab_kitab\\vendor\\laravel\\framework\\src\\Illuminate\\Container\\BoundMethod.php(90): value(Object(Closure))
#29 F:\\Web Development\\laravel\\hisab kitab\\hisab_kitab\\vendor\\laravel\\framework\\src\\Illuminate\\Container\\BoundMethod.php(34): Illuminate\\Container\\BoundMethod::callBoundMethod(Object(Illuminate\\Foundation\\Application), Array, Object(Closure))
#30 F:\\Web Development\\laravel\\hisab kitab\\hisab_kitab\\vendor\\laravel\\framework\\src\\Illuminate\\Container\\Container.php(591): Illuminate\\Container\\BoundMethod::call(Object(Illuminate\\Foundation\\Application), Array, Array, NULL)
#31 F:\\Web Development\\laravel\\hisab kitab\\hisab_kitab\\vendor\\laravel\\framework\\src\\Illuminate\\Console\\Command.php(202): Illuminate\\Container\\Container->call(Array)
#32 F:\\Web Development\\laravel\\hisab kitab\\hisab_kitab\\vendor\\symfony\\console\\Command\\Command.php(255): Illuminate\\Console\\Command->execute(Object(Symfony\\Component\\Console\\Input\\ArgvInput), Object(Illuminate\\Console\\OutputStyle))
#33 F:\\Web Development\\laravel\\hisab kitab\\hisab_kitab\\vendor\\laravel\\framework\\src\\Illuminate\\Console\\Command.php(189): Symfony\\Component\\Console\\Command\\Command->run(Object(Symfony\\Component\\Console\\Input\\ArgvInput), Object(Illuminate\\Console\\OutputStyle))
#34 F:\\Web Development\\laravel\\hisab kitab\\hisab_kitab\\vendor\\symfony\\console\\Application.php(934): Illuminate\\Console\\Command->run(Object(Symfony\\Component\\Console\\Input\\ArgvInput), Object(Symfony\\Component\\Console\\Output\\ConsoleOutput))
#35 F:\\Web Development\\laravel\\hisab kitab\\hisab_kitab\\vendor\\symfony\\console\\Application.php(273): Symfony\\Component\\Console\\Application->doRunCommand(Object(Laravel\\Passport\\Console\\InstallCommand), Object(Symfony\\Component\\Console\\Input\\ArgvInput), Object(Symfony\\Component\\Console\\Output\\ConsoleOutput))
#36 F:\\Web Development\\laravel\\hisab kitab\\hisab_kitab\\vendor\\symfony\\console\\Application.php(149): Symfony\\Component\\Console\\Application->doRun(Object(Symfony\\Component\\Console\\Input\\ArgvInput), Object(Symfony\\Component\\Console\\Output\\ConsoleOutput))
#37 F:\\Web Development\\laravel\\hisab kitab\\hisab_kitab\\vendor\\laravel\\framework\\src\\Illuminate\\Console\\Application.php(90): Symfony\\Component\\Console\\Application->run(Object(Symfony\\Component\\Console\\Input\\ArgvInput), Object(Symfony\\Component\\Console\\Output\\ConsoleOutput))
#38 F:\\Web Development\\laravel\\hisab kitab\\hisab_kitab\\vendor\\laravel\\framework\\src\\Illuminate\\Foundation\\Console\\Kernel.php(131): Illuminate\\Console\\Application->run(Object(Symfony\\Component\\Console\\Input\\ArgvInput), Object(Symfony\\Component\\Console\\Output\\ConsoleOutput))
#39 F:\\Web Development\\laravel\\hisab kitab\\hisab_kitab\\artisan(37): Illuminate\\Foundation\\Console\\Kernel->handle(Object(Symfony\\Component\\Console\\Input\\ArgvInput), Object(Symfony\\Component\\Console\\Output\\ConsoleOutput))
#40 {main}

[previous exception] [object] (PDOException(code: 2002): SQLSTATE[HY000] [2002] No connection could be made because the target machine actively refused it.
 at F:\\Web Development\\laravel\\hisab kitab\\hisab_kitab\\vendor\\laravel\\framework\\src\\Illuminate\\Database\\Connectors\\Connector.php:70)
[stacktrace]
#0 F:\\Web Development\\laravel\\hisab kitab\\hisab_kitab\\vendor\\laravel\\framework\\src\\Illuminate\\Database\\Connectors\\Connector.php(70): PDO->__construct('mysql:host=127....', 'root', '', Array)
#1 F:\\Web Development\\laravel\\hisab kitab\\hisab_kitab\\vendor\\laravel\\framework\\src\\Illuminate\\Database\\Connectors\\Connector.php(46): Illuminate\\Database\\Connectors\\Connector->createPdoConnection('mysql:host=127....', 'root', '', Array)
#2 F:\\Web Development\\laravel\\hisab kitab\\hisab_kitab\\vendor\\laravel\\framework\\src\\Illuminate\\Database\\Connectors\\MySqlConnector.php(24): Illuminate\\Database\\Connectors\\Connector->createConnection('mysql:host=127....', Array, Array)
#3 F:\\Web Development\\laravel\\hisab kitab\\hisab_kitab\\vendor\\laravel\\framework\\src\\Illuminate\\Database\\Connectors\\ConnectionFactory.php(182): Illuminate\\Database\\Connectors\\MySqlConnector->connect(Array)
#4 [internal function]: Illuminate\\Database\\Connectors\\ConnectionFactory->Illuminate\\Database\\Connectors\\{closure}()
#5 F:\\Web Development\\laravel\\hisab kitab\\hisab_kitab\\vendor\\laravel\\framework\\src\\Illuminate\\Database\\Connection.php(920): call_user_func(Object(Closure))
#6 F:\\Web Development\\laravel\\hisab kitab\\hisab_kitab\\vendor\\laravel\\framework\\src\\Illuminate\\Database\\Connection.php(453): Illuminate\\Database\\Connection->getPdo()
#7 F:\\Web Development\\laravel\\hisab kitab\\hisab_kitab\\vendor\\laravel\\framework\\src\\Illuminate\\Database\\Connection.php(658): Illuminate\\Database\\Connection->Illuminate\\Database\\{closure}('insert into `oa...', Array)
#8 F:\\Web Development\\laravel\\hisab kitab\\hisab_kitab\\vendor\\laravel\\framework\\src\\Illuminate\\Database\\Connection.php(625): Illuminate\\Database\\Connection->runQueryCallback('insert into `oa...', Array, Object(Closure))
#9 F:\\Web Development\\laravel\\hisab kitab\\hisab_kitab\\vendor\\laravel\\framework\\src\\Illuminate\\Database\\Connection.php(460): Illuminate\\Database\\Connection->run('insert into `oa...', Array, Object(Closure))
#10 F:\\Web Development\\laravel\\hisab kitab\\hisab_kitab\\vendor\\laravel\\framework\\src\\Illuminate\\Database\\Connection.php(412): Illuminate\\Database\\Connection->statement('insert into `oa...', Array)
#11 F:\\Web Development\\laravel\\hisab kitab\\hisab_kitab\\vendor\\laravel\\framework\\src\\Illuminate\\Database\\Query\\Processors\\Processor.php(32): Illuminate\\Database\\Connection->insert('insert into `oa...', Array)
#12 F:\\Web Development\\laravel\\hisab kitab\\hisab_kitab\\vendor\\laravel\\framework\\src\\Illuminate\\Database\\Query\\Builder.php(2658): Illuminate\\Database\\Query\\Processors\\Processor->processInsertGetId(Object(Illuminate\\Database\\Query\\Builder), 'insert into `oa...', Array, 'id')
#13 F:\\Web Development\\laravel\\hisab kitab\\hisab_kitab\\vendor\\laravel\\framework\\src\\Illuminate\\Database\\Eloquent\\Builder.php(1350): Illuminate\\Database\\Query\\Builder->insertGetId(Array, 'id')
#14 F:\\Web Development\\laravel\\hisab kitab\\hisab_kitab\\vendor\\laravel\\framework\\src\\Illuminate\\Database\\Eloquent\\Model.php(839): Illuminate\\Database\\Eloquent\\Builder->__call('insertGetId', Array)
#15 F:\\Web Development\\laravel\\hisab kitab\\hisab_kitab\\vendor\\laravel\\framework\\src\\Illuminate\\Database\\Eloquent\\Model.php(804): Illuminate\\Database\\Eloquent\\Model->insertAndSetId(Object(Illuminate\\Database\\Eloquent\\Builder), Array)
#16 F:\\Web Development\\laravel\\hisab kitab\\hisab_kitab\\vendor\\laravel\\framework\\src\\Illuminate\\Database\\Eloquent\\Model.php(667): Illuminate\\Database\\Eloquent\\Model->performInsert(Object(Illuminate\\Database\\Eloquent\\Builder))
#17 F:\\Web Development\\laravel\\hisab kitab\\hisab_kitab\\vendor\\laravel\\passport\\src\\ClientRepository.php(123): Illuminate\\Database\\Eloquent\\Model->save()
#18 F:\\Web Development\\laravel\\hisab kitab\\hisab_kitab\\vendor\\laravel\\passport\\src\\ClientRepository.php(138): Laravel\\Passport\\ClientRepository->create(NULL, 'Laravel Persona...', 'http://localhos...', true)
#19 F:\\Web Development\\laravel\\hisab kitab\\hisab_kitab\\vendor\\laravel\\passport\\src\\Console\\ClientCommand.php(64): Laravel\\Passport\\ClientRepository->createPersonalAccessClient(NULL, 'Laravel Persona...', 'http://localhos...')
#20 F:\\Web Development\\laravel\\hisab kitab\\hisab_kitab\\vendor\\laravel\\passport\\src\\Console\\ClientCommand.php(40): Laravel\\Passport\\Console\\ClientCommand->createPersonalClient(Object(Laravel\\Passport\\ClientRepository))
#21 [internal function]: Laravel\\Passport\\Console\\ClientCommand->handle(Object(Laravel\\Passport\\ClientRepository))
#22 F:\\Web Development\\laravel\\hisab kitab\\hisab_kitab\\vendor\\laravel\\framework\\src\\Illuminate\\Container\\BoundMethod.php(32): call_user_func_array(Array, Array)
#23 F:\\Web Development\\laravel\\hisab kitab\\hisab_kitab\\vendor\\laravel\\framework\\src\\Illuminate\\Support\\helpers.php(522): Illuminate\\Container\\BoundMethod::Illuminate\\Container\\{closure}()
#24 F:\\Web Development\\laravel\\hisab kitab\\hisab_kitab\\vendor\\laravel\\framework\\src\\Illuminate\\Container\\BoundMethod.php(90): value(Object(Closure))
#25 F:\\Web Development\\laravel\\hisab kitab\\hisab_kitab\\vendor\\laravel\\framework\\src\\Illuminate\\Container\\BoundMethod.php(34): Illuminate\\Container\\BoundMethod::callBoundMethod(Object(Illuminate\\Foundation\\Application), Array, Object(Closure))
#26 F:\\Web Development\\laravel\\hisab kitab\\hisab_kitab\\vendor\\laravel\\framework\\src\\Illuminate\\Container\\Container.php(591): Illuminate\\Container\\BoundMethod::call(Object(Illuminate\\Foundation\\Application), Array, Array, NULL)
#27 F:\\Web Development\\laravel\\hisab kitab\\hisab_kitab\\vendor\\laravel\\framework\\src\\Illuminate\\Console\\Command.php(202): Illuminate\\Container\\Container->call(Array)
#28 F:\\Web Development\\laravel\\hisab kitab\\hisab_kitab\\vendor\\symfony\\console\\Command\\Command.php(255): Illuminate\\Console\\Command->execute(Object(Symfony\\Component\\Console\\Input\\ArrayInput), Object(Illuminate\\Console\\OutputStyle))
#29 F:\\Web Development\\laravel\\hisab kitab\\hisab_kitab\\vendor\\laravel\\framework\\src\\Illuminate\\Console\\Command.php(189): Symfony\\Component\\Console\\Command\\Command->run(Object(Symfony\\Component\\Console\\Input\\ArrayInput), Object(Illuminate\\Console\\OutputStyle))
#30 F:\\Web Development\\laravel\\hisab kitab\\hisab_kitab\\vendor\\laravel\\framework\\src\\Illuminate\\Console\\Command.php(242): Illuminate\\Console\\Command->run(Object(Symfony\\Component\\Console\\Input\\ArrayInput), Object(Illuminate\\Console\\OutputStyle))
#31 F:\\Web Development\\laravel\\hisab kitab\\hisab_kitab\\vendor\\laravel\\framework\\src\\Illuminate\\Console\\Command.php(214): Illuminate\\Console\\Command->runCommand('passport:client', Array, Object(Illuminate\\Console\\OutputStyle))
#32 F:\\Web Development\\laravel\\hisab kitab\\hisab_kitab\\vendor\\laravel\\passport\\src\\Console\\InstallCommand.php(33): Illuminate\\Console\\Command->call('passport:client', Array)
#33 [internal function]: Laravel\\Passport\\Console\\InstallCommand->handle()
#34 F:\\Web Development\\laravel\\hisab kitab\\hisab_kitab\\vendor\\laravel\\framework\\src\\Illuminate\\Container\\BoundMethod.php(32): call_user_func_array(Array, Array)
#35 F:\\Web Development\\laravel\\hisab kitab\\hisab_kitab\\vendor\\laravel\\framework\\src\\Illuminate\\Support\\helpers.php(522): Illuminate\\Container\\BoundMethod::Illuminate\\Container\\{closure}()
#36 F:\\Web Development\\laravel\\hisab kitab\\hisab_kitab\\vendor\\laravel\\framework\\src\\Illuminate\\Container\\BoundMethod.php(90): value(Object(Closure))
#37 F:\\Web Development\\laravel\\hisab kitab\\hisab_kitab\\vendor\\laravel\\framework\\src\\Illuminate\\Container\\BoundMethod.php(34): Illuminate\\Container\\BoundMethod::callBoundMethod(Object(Illuminate\\Foundation\\Application), Array, Object(Closure))
#38 F:\\Web Development\\laravel\\hisab kitab\\hisab_kitab\\vendor\\laravel\\framework\\src\\Illuminate\\Container\\Container.php(591): Illuminate\\Container\\BoundMethod::call(Object(Illuminate\\Foundation\\Application), Array, Array, NULL)
#39 F:\\Web Development\\laravel\\hisab kitab\\hisab_kitab\\vendor\\laravel\\framework\\src\\Illuminate\\Console\\Command.php(202): Illuminate\\Container\\Container->call(Array)
#40 F:\\Web Development\\laravel\\hisab kitab\\hisab_kitab\\vendor\\symfony\\console\\Command\\Command.php(255): Illuminate\\Console\\Command->execute(Object(Symfony\\Component\\Console\\Input\\ArgvInput), Object(Illuminate\\Console\\OutputStyle))
#41 F:\\Web Development\\laravel\\hisab kitab\\hisab_kitab\\vendor\\laravel\\framework\\src\\Illuminate\\Console\\Command.php(189): Symfony\\Component\\Console\\Command\\Command->run(Object(Symfony\\Component\\Console\\Input\\ArgvInput), Object(Illuminate\\Console\\OutputStyle))
#42 F:\\Web Development\\laravel\\hisab kitab\\hisab_kitab\\vendor\\symfony\\console\\Application.php(934): Illuminate\\Console\\Command->run(Object(Symfony\\Component\\Console\\Input\\ArgvInput), Object(Symfony\\Component\\Console\\Output\\ConsoleOutput))
#43 F:\\Web Development\\laravel\\hisab kitab\\hisab_kitab\\vendor\\symfony\\console\\Application.php(273): Symfony\\Component\\Console\\Application->doRunCommand(Object(Laravel\\Passport\\Console\\InstallCommand), Object(Symfony\\Component\\Console\\Input\\ArgvInput), Object(Symfony\\Component\\Console\\Output\\ConsoleOutput))
#44 F:\\Web Development\\laravel\\hisab kitab\\hisab_kitab\\vendor\\symfony\\console\\Application.php(149): Symfony\\Component\\Console\\Application->doRun(Object(Symfony\\Component\\Console\\Input\\ArgvInput), Object(Symfony\\Component\\Console\\Output\\ConsoleOutput))
#45 F:\\Web Development\\laravel\\hisab kitab\\hisab_kitab\\vendor\\laravel\\framework\\src\\Illuminate\\Console\\Application.php(90): Symfony\\Component\\Console\\Application->run(Object(Symfony\\Component\\Console\\Input\\ArgvInput), Object(Symfony\\Component\\Console\\Output\\ConsoleOutput))
#46 F:\\Web Development\\laravel\\hisab kitab\\hisab_kitab\\vendor\\laravel\\framework\\src\\Illuminate\\Foundation\\Console\\Kernel.php(131): Illuminate\\Console\\Application->run(Object(Symfony\\Component\\Console\\Input\\ArgvInput), Object(Symfony\\Component\\Console\\Output\\ConsoleOutput))
#47 F:\\Web Development\\laravel\\hisab kitab\\hisab_kitab\\artisan(37): Illuminate\\Foundation\\Console\\Kernel->handle(Object(Symfony\\Component\\Console\\Input\\ArgvInput), Object(Symfony\\Component\\Console\\Output\\ConsoleOutput))
#48 {main}
"} 
[2019-10-21 17:52:05] local.ERROR: SQLSTATE[HY000] [2002] A connection attempt failed because the connected party did not properly respond after a period of time, or established connection failed because connected host has failed to respond.
 (SQL: select * from information_schema.tables where table_schema = epiz_24667325_hisabkitab and table_name = migrations and table_type = 'BASE TABLE') {"exception":"[object] (Illuminate\\Database\\QueryException(code: 2002): SQLSTATE[HY000] [2002] A connection attempt failed because the connected party did not properly respond after a period of time, or established connection failed because connected host has failed to respond.
 (SQL: select * from information_schema.tables where table_schema = epiz_24667325_hisabkitab and table_name = migrations and table_type = 'BASE TABLE') at F:\\Web Development\\laravel\\hisab kitab\\hisab_kitab\\vendor\\laravel\\framework\\src\\Illuminate\\Database\\Connection.php:665)
[stacktrace]
#0 F:\\Web Development\\laravel\\hisab kitab\\hisab_kitab\\vendor\\laravel\\framework\\src\\Illuminate\\Database\\Connection.php(625): Illuminate\\Database\\Connection->runQueryCallback('select * from i...', Array, Object(Closure))
#1 F:\\Web Development\\laravel\\hisab kitab\\hisab_kitab\\vendor\\laravel\\framework\\src\\Illuminate\\Database\\Connection.php(334): Illuminate\\Database\\Connection->run('select * from i...', Array, Object(Closure))
#2 F:\\Web Development\\laravel\\hisab kitab\\hisab_kitab\\vendor\\laravel\\framework\\src\\Illuminate\\Database\\Schema\\MySqlBuilder.php(18): Illuminate\\Database\\Connection->select('select * from i...', Array)
#3 F:\\Web Development\\laravel\\hisab kitab\\hisab_kitab\\vendor\\laravel\\framework\\src\\Illuminate\\Database\\Migrations\\DatabaseMigrationRepository.php(169): Illuminate\\Database\\Schema\\MySqlBuilder->hasTable('migrations')
#4 F:\\Web Development\\laravel\\hisab kitab\\hisab_kitab\\vendor\\laravel\\framework\\src\\Illuminate\\Database\\Migrations\\Migrator.php(585): Illuminate\\Database\\Migrations\\DatabaseMigrationRepository->repositoryExists()
#5 F:\\Web Development\\laravel\\hisab kitab\\hisab_kitab\\vendor\\laravel\\framework\\src\\Illuminate\\Database\\Console\\Migrations\\MigrateCommand.php(91): Illuminate\\Database\\Migrations\\Migrator->repositoryExists()
#6 F:\\Web Development\\laravel\\hisab kitab\\hisab_kitab\\vendor\\laravel\\framework\\src\\Illuminate\\Database\\Console\\Migrations\\MigrateCommand.php(63): Illuminate\\Database\\Console\\Migrations\\MigrateCommand->prepareDatabase()
#7 [internal function]: Illuminate\\Database\\Console\\Migrations\\MigrateCommand->handle()
#8 F:\\Web Development\\laravel\\hisab kitab\\hisab_kitab\\vendor\\laravel\\framework\\src\\Illuminate\\Container\\BoundMethod.php(32): call_user_func_array(Array, Array)
#9 F:\\Web Development\\laravel\\hisab kitab\\hisab_kitab\\vendor\\laravel\\framework\\src\\Illuminate\\Support\\helpers.php(522): Illuminate\\Container\\BoundMethod::Illuminate\\Container\\{closure}()
#10 F:\\Web Development\\laravel\\hisab kitab\\hisab_kitab\\vendor\\laravel\\framework\\src\\Illuminate\\Container\\BoundMethod.php(90): value(Object(Closure))
#11 F:\\Web Development\\laravel\\hisab kitab\\hisab_kitab\\vendor\\laravel\\framework\\src\\Illuminate\\Container\\BoundMethod.php(34): Illuminate\\Container\\BoundMethod::callBoundMethod(Object(Illuminate\\Foundation\\Application), Array, Object(Closure))
#12 F:\\Web Development\\laravel\\hisab kitab\\hisab_kitab\\vendor\\laravel\\framework\\src\\Illuminate\\Container\\Container.php(591): Illuminate\\Container\\BoundMethod::call(Object(Illuminate\\Foundation\\Application), Array, Array, NULL)
#13 F:\\Web Development\\laravel\\hisab kitab\\hisab_kitab\\vendor\\laravel\\framework\\src\\Illuminate\\Console\\Command.php(202): Illuminate\\Container\\Container->call(Array)
#14 F:\\Web Development\\laravel\\hisab kitab\\hisab_kitab\\vendor\\symfony\\console\\Command\\Command.php(255): Illuminate\\Console\\Command->execute(Object(Symfony\\Component\\Console\\Input\\ArgvInput), Object(Illuminate\\Console\\OutputStyle))
#15 F:\\Web Development\\laravel\\hisab kitab\\hisab_kitab\\vendor\\laravel\\framework\\src\\Illuminate\\Console\\Command.php(189): Symfony\\Component\\Console\\Command\\Command->run(Object(Symfony\\Component\\Console\\Input\\ArgvInput), Object(Illuminate\\Console\\OutputStyle))
#16 F:\\Web Development\\laravel\\hisab kitab\\hisab_kitab\\vendor\\symfony\\console\\Application.php(934): Illuminate\\Console\\Command->run(Object(Symfony\\Component\\Console\\Input\\ArgvInput), Object(Symfony\\Component\\Console\\Output\\ConsoleOutput))
#17 F:\\Web Development\\laravel\\hisab kitab\\hisab_kitab\\vendor\\symfony\\console\\Application.php(273): Symfony\\Component\\Console\\Application->doRunCommand(Object(Illuminate\\Database\\Console\\Migrations\\MigrateCommand), Object(Symfony\\Component\\Console\\Input\\ArgvInput), Object(Symfony\\Component\\Console\\Output\\ConsoleOutput))
#18 F:\\Web Development\\laravel\\hisab kitab\\hisab_kitab\\vendor\\symfony\\console\\Application.php(149): Symfony\\Component\\Console\\Application->doRun(Object(Symfony\\Component\\Console\\Input\\ArgvInput), Object(Symfony\\Component\\Console\\Output\\ConsoleOutput))
#19 F:\\Web Development\\laravel\\hisab kitab\\hisab_kitab\\vendor\\laravel\\framework\\src\\Illuminate\\Console\\Application.php(90): Symfony\\Component\\Console\\Application->run(Object(Symfony\\Component\\Console\\Input\\ArgvInput), Object(Symfony\\Component\\Console\\Output\\ConsoleOutput))
#20 F:\\Web Development\\laravel\\hisab kitab\\hisab_kitab\\vendor\\laravel\\framework\\src\\Illuminate\\Foundation\\Console\\Kernel.php(131): Illuminate\\Console\\Application->run(Object(Symfony\\Component\\Console\\Input\\ArgvInput), Object(Symfony\\Component\\Console\\Output\\ConsoleOutput))
#21 F:\\Web Development\\laravel\\hisab kitab\\hisab_kitab\\artisan(37): Illuminate\\Foundation\\Console\\Kernel->handle(Object(Symfony\\Component\\Console\\Input\\ArgvInput), Object(Symfony\\Component\\Console\\Output\\ConsoleOutput))
#22 {main}

[previous exception] [object] (PDOException(code: 2002): SQLSTATE[HY000] [2002] A connection attempt failed because the connected party did not properly respond after a period of time, or established connection failed because connected host has failed to respond.
 at F:\\Web Development\\laravel\\hisab kitab\\hisab_kitab\\vendor\\laravel\\framework\\src\\Illuminate\\Database\\Connectors\\Connector.php:70)
[stacktrace]
#0 F:\\Web Development\\laravel\\hisab kitab\\hisab_kitab\\vendor\\laravel\\framework\\src\\Illuminate\\Database\\Connectors\\Connector.php(70): PDO->__construct('mysql:host=sql1...', 'epiz_24667325', 'Ex9ou7z22jpE', Array)
#1 F:\\Web Development\\laravel\\hisab kitab\\hisab_kitab\\vendor\\laravel\\framework\\src\\Illuminate\\Database\\Connectors\\Connector.php(46): Illuminate\\Database\\Connectors\\Connector->createPdoConnection('mysql:host=sql1...', 'epiz_24667325', 'Ex9ou7z22jpE', Array)
#2 F:\\Web Development\\laravel\\hisab kitab\\hisab_kitab\\vendor\\laravel\\framework\\src\\Illuminate\\Database\\Connectors\\MySqlConnector.php(24): Illuminate\\Database\\Connectors\\Connector->createConnection('mysql:host=sql1...', Array, Array)
#3 F:\\Web Development\\laravel\\hisab kitab\\hisab_kitab\\vendor\\laravel\\framework\\src\\Illuminate\\Database\\Connectors\\ConnectionFactory.php(182): Illuminate\\Database\\Connectors\\MySqlConnector->connect(Array)
#4 [internal function]: Illuminate\\Database\\Connectors\\ConnectionFactory->Illuminate\\Database\\Connectors\\{closure}()
#5 F:\\Web Development\\laravel\\hisab kitab\\hisab_kitab\\vendor\\laravel\\framework\\src\\Illuminate\\Database\\Connection.php(920): call_user_func(Object(Closure))
#6 F:\\Web Development\\laravel\\hisab kitab\\hisab_kitab\\vendor\\laravel\\framework\\src\\Illuminate\\Database\\Connection.php(945): Illuminate\\Database\\Connection->getPdo()
#7 F:\\Web Development\\laravel\\hisab kitab\\hisab_kitab\\vendor\\laravel\\framework\\src\\Illuminate\\Database\\Connection.php(400): Illuminate\\Database\\Connection->getReadPdo()
#8 F:\\Web Development\\laravel\\hisab kitab\\hisab_kitab\\vendor\\laravel\\framework\\src\\Illuminate\\Database\\Connection.php(326): Illuminate\\Database\\Connection->getPdoForSelect(true)
#9 F:\\Web Development\\laravel\\hisab kitab\\hisab_kitab\\vendor\\laravel\\framework\\src\\Illuminate\\Database\\Connection.php(658): Illuminate\\Database\\Connection->Illuminate\\Database\\{closure}('select * from i...', Array)
#10 F:\\Web Development\\laravel\\hisab kitab\\hisab_kitab\\vendor\\laravel\\framework\\src\\Illuminate\\Database\\Connection.php(625): Illuminate\\Database\\Connection->runQueryCallback('select * from i...', Array, Object(Closure))
#11 F:\\Web Development\\laravel\\hisab kitab\\hisab_kitab\\vendor\\laravel\\framework\\src\\Illuminate\\Database\\Connection.php(334): Illuminate\\Database\\Connection->run('select * from i...', Array, Object(Closure))
#12 F:\\Web Development\\laravel\\hisab kitab\\hisab_kitab\\vendor\\laravel\\framework\\src\\Illuminate\\Database\\Schema\\MySqlBuilder.php(18): Illuminate\\Database\\Connection->select('select * from i...', Array)
#13 F:\\Web Development\\laravel\\hisab kitab\\hisab_kitab\\vendor\\laravel\\framework\\src\\Illuminate\\Database\\Migrations\\DatabaseMigrationRepository.php(169): Illuminate\\Database\\Schema\\MySqlBuilder->hasTable('migrations')
#14 F:\\Web Development\\laravel\\hisab kitab\\hisab_kitab\\vendor\\laravel\\framework\\src\\Illuminate\\Database\\Migrations\\Migrator.php(585): Illuminate\\Database\\Migrations\\DatabaseMigrationRepository->repositoryExists()
#15 F:\\Web Development\\laravel\\hisab kitab\\hisab_kitab\\vendor\\laravel\\framework\\src\\Illuminate\\Database\\Console\\Migrations\\MigrateCommand.php(91): Illuminate\\Database\\Migrations\\Migrator->repositoryExists()
#16 F:\\Web Development\\laravel\\hisab kitab\\hisab_kitab\\vendor\\laravel\\framework\\src\\Illuminate\\Database\\Console\\Migrations\\MigrateCommand.php(63): Illuminate\\Database\\Console\\Migrations\\MigrateCommand->prepareDatabase()
#17 [internal function]: Illuminate\\Database\\Console\\Migrations\\MigrateCommand->handle()
#18 F:\\Web Development\\laravel\\hisab kitab\\hisab_kitab\\vendor\\laravel\\framework\\src\\Illuminate\\Container\\BoundMethod.php(32): call_user_func_array(Array, Array)
#19 F:\\Web Development\\laravel\\hisab kitab\\hisab_kitab\\vendor\\laravel\\framework\\src\\Illuminate\\Support\\helpers.php(522): Illuminate\\Container\\BoundMethod::Illuminate\\Container\\{closure}()
#20 F:\\Web Development\\laravel\\hisab kitab\\hisab_kitab\\vendor\\laravel\\framework\\src\\Illuminate\\Container\\BoundMethod.php(90): value(Object(Closure))
#21 F:\\Web Development\\laravel\\hisab kitab\\hisab_kitab\\vendor\\laravel\\framework\\src\\Illuminate\\Container\\BoundMethod.php(34): Illuminate\\Container\\BoundMethod::callBoundMethod(Object(Illuminate\\Foundation\\Application), Array, Object(Closure))
#22 F:\\Web Development\\laravel\\hisab kitab\\hisab_kitab\\vendor\\laravel\\framework\\src\\Illuminate\\Container\\Container.php(591): Illuminate\\Container\\BoundMethod::call(Object(Illuminate\\Foundation\\Application), Array, Array, NULL)
#23 F:\\Web Development\\laravel\\hisab kitab\\hisab_kitab\\vendor\\laravel\\framework\\src\\Illuminate\\Console\\Command.php(202): Illuminate\\Container\\Container->call(Array)
#24 F:\\Web Development\\laravel\\hisab kitab\\hisab_kitab\\vendor\\symfony\\console\\Command\\Command.php(255): Illuminate\\Console\\Command->execute(Object(Symfony\\Component\\Console\\Input\\ArgvInput), Object(Illuminate\\Console\\OutputStyle))
#25 F:\\Web Development\\laravel\\hisab kitab\\hisab_kitab\\vendor\\laravel\\framework\\src\\Illuminate\\Console\\Command.php(189): Symfony\\Component\\Console\\Command\\Command->run(Object(Symfony\\Component\\Console\\Input\\ArgvInput), Object(Illuminate\\Console\\OutputStyle))
#26 F:\\Web Development\\laravel\\hisab kitab\\hisab_kitab\\vendor\\symfony\\console\\Application.php(934): Illuminate\\Console\\Command->run(Object(Symfony\\Component\\Console\\Input\\ArgvInput), Object(Symfony\\Component\\Console\\Output\\ConsoleOutput))
#27 F:\\Web Development\\laravel\\hisab kitab\\hisab_kitab\\vendor\\symfony\\console\\Application.php(273): Symfony\\Component\\Console\\Application->doRunCommand(Object(Illuminate\\Database\\Console\\Migrations\\MigrateCommand), Object(Symfony\\Component\\Console\\Input\\ArgvInput), Object(Symfony\\Component\\Console\\Output\\ConsoleOutput))
#28 F:\\Web Development\\laravel\\hisab kitab\\hisab_kitab\\vendor\\symfony\\console\\Application.php(149): Symfony\\Component\\Console\\Application->doRun(Object(Symfony\\Component\\Console\\Input\\ArgvInput), Object(Symfony\\Component\\Console\\Output\\ConsoleOutput))
#29 F:\\Web Development\\laravel\\hisab kitab\\hisab_kitab\\vendor\\laravel\\framework\\src\\Illuminate\\Console\\Application.php(90): Symfony\\Component\\Console\\Application->run(Object(Symfony\\Component\\Console\\Input\\ArgvInput), Object(Symfony\\Component\\Console\\Output\\ConsoleOutput))
#30 F:\\Web Development\\laravel\\hisab kitab\\hisab_kitab\\vendor\\laravel\\framework\\src\\Illuminate\\Foundation\\Console\\Kernel.php(131): Illuminate\\Console\\Application->run(Object(Symfony\\Component\\Console\\Input\\ArgvInput), Object(Symfony\\Component\\Console\\Output\\ConsoleOutput))
#31 F:\\Web Development\\laravel\\hisab kitab\\hisab_kitab\\artisan(37): Illuminate\\Foundation\\Console\\Kernel->handle(Object(Symfony\\Component\\Console\\Input\\ArgvInput), Object(Symfony\\Component\\Console\\Output\\ConsoleOutput))
#32 {main}
"} 
